
Turn 303
================================================================
warning: entity 0 was directed to use 7 halite to move north, but only 0 halite was available
At command 1 of 1:
>>> 1   m 0 n


Turn 306
================================================================
warning: entity 0 was directed to use 8 halite to move north, but only 6 halite was available
At command 1 of 1:
>>> 1   m 0 n


Turn 310
================================================================
warning: entity 0 was directed to use 8 halite to move north, but only 5 halite was available
At command 1 of 1:
>>> 1   m 0 n


Turn 314
================================================================
warning: entity 0 was directed to use 8 halite to move north, but only 2 halite was available
At command 1 of 1:
>>> 1   m 0 n


Turn 318
================================================================
warning: entity 0 was directed to use 9 halite to move north, but only 0 halite was available
At command 1 of 1:
>>> 1   m 0 n


Turn 322
================================================================
warning: entity 0 was directed to use 8 halite to move north, but only 0 halite was available
At command 1 of 1:
>>> 1   m 0 n


Turn 334
================================================================
warning: entity 0 was directed to use 9 halite to move north, but only 4 halite was available
At command 1 of 1:
>>> 1   m 0 n


Turn 340
================================================================
warning: entity 0 was directed to use 8 halite to move north, but only 7 halite was available
At command 1 of 1:
>>> 1   m 0 n


Turn 343
================================================================
warning: entity 0 was directed to use 5 halite to move north, but only 0 halite was available
At command 1 of 1:
>>> 1   m 0 n


Turn 346
================================================================
warning: entity 0 was directed to use 6 halite to move north, but only 2 halite was available
At command 1 of 1:
>>> 1   m 0 n


Turn 349
================================================================
warning: entity 0 was directed to use 9 halite to move north, but only 7 halite was available
At command 1 of 1:
>>> 1   m 0 n


Turn 354
================================================================
warning: entity 0 was directed to use 6 halite to move north, but only 1 halite was available
At command 1 of 1:
>>> 1   m 0 n


Turn 357
================================================================
warning: entity 0 was directed to use 9 halite to move north, but only 5 halite was available
At command 1 of 1:
>>> 1   m 0 n


Turn 361
================================================================
warning: entity 0 was directed to use 8 halite to move north, but only 6 halite was available
At command 1 of 1:
>>> 1   m 0 n


Turn 374
================================================================
warning: entity 0 was directed to use 7 halite to move north, but only 3 halite was available
At command 1 of 1:
>>> 1   m 0 n


Turn 380
================================================================
warning: entity 0 was directed to use 6 halite to move north, but only 1 halite was available
At command 1 of 1:
>>> 1   m 0 n


Turn 383
================================================================
warning: entity 0 was directed to use 4 halite to move north, but only 0 halite was available
At command 1 of 1:
>>> 1   m 0 n


Turn 385
================================================================
warning: entity 0 was directed to use 9 halite to move north, but only 8 halite was available
At command 1 of 1:
>>> 1   m 0 n


Turn 391
================================================================
warning: entity 0 was directed to use 9 halite to move north, but only 0 halite was available
At command 1 of 1:
>>> 1   m 0 n


Turn 395
================================================================
warning: entity 0 was directed to use 8 halite to move north, but only 5 halite was available
At command 1 of 1:
>>> 1   m 0 n


Turn 399
================================================================
warning: entity 0 was directed to use 9 halite to move north, but only 8 halite was available
At command 1 of 1:
>>> 1   m 0 n

