
Turn 3
================================================================
warning: entity 0 was directed to use 3 halite to move south, but only 0 halite was available
At command 1 of 1:
>>> 1   m 0 s


Turn 6
================================================================
warning: entity 0 was directed to use 8 halite to move south, but only 7 halite was available
At command 1 of 1:
>>> 1   m 0 s


Turn 50
================================================================
warning: entity 0 was directed to use 2 halite to move south, but only 0 halite was available
At command 1 of 1:
>>> 1   m 0 s


Turn 53
================================================================
warning: entity 0 was directed to use 6 halite to move south, but only 4 halite was available
At command 1 of 1:
>>> 1   m 0 s


Turn 57
================================================================
warning: entity 0 was directed to use 8 halite to move south, but only 5 halite was available
At command 1 of 1:
>>> 1   m 0 s


Turn 64
================================================================
warning: entity 0 was directed to use 5 halite to move south, but only 2 halite was available
At command 1 of 1:
>>> 1   m 0 s


Turn 69
================================================================
warning: entity 0 was directed to use 3 halite to move south, but only 2 halite was available
At command 1 of 1:
>>> 1   m 0 s


Turn 72
================================================================
warning: entity 0 was directed to use 6 halite to move south, but only 3 halite was available
At command 1 of 1:
>>> 1   m 0 s


Turn 78
================================================================
warning: entity 0 was directed to use 8 halite to move south, but only 2 halite was available
At command 1 of 1:
>>> 1   m 0 s


Turn 82
================================================================
warning: entity 0 was directed to use 7 halite to move south, but only 1 halite was available
At command 1 of 1:
>>> 1   m 0 s


Turn 86
================================================================
warning: entity 0 was directed to use 6 halite to move south, but only 0 halite was available
At command 1 of 1:
>>> 1   m 0 s


Turn 91
================================================================
warning: entity 0 was directed to use 2 halite to move south, but only 0 halite was available
At command 1 of 1:
>>> 1   m 0 s


Turn 95
================================================================
warning: entity 0 was directed to use 4 halite to move south, but only 0 halite was available
At command 1 of 1:
>>> 1   m 0 s


Turn 98
================================================================
warning: entity 0 was directed to use 6 halite to move south, but only 2 halite was available
At command 1 of 1:
>>> 1   m 0 s


Turn 104
================================================================
warning: entity 0 was directed to use 8 halite to move south, but only 3 halite was available
At command 1 of 1:
>>> 1   m 0 s


Turn 111
================================================================
warning: entity 0 was directed to use 6 halite to move south, but only 4 halite was available
At command 1 of 1:
>>> 1   m 0 s


Turn 118
================================================================
warning: entity 0 was directed to use 6 halite to move south, but only 1 halite was available
At command 1 of 1:
>>> 1   m 0 s


Turn 121
================================================================
warning: entity 0 was directed to use 8 halite to move south, but only 5 halite was available
At command 1 of 1:
>>> 1   m 0 s


Turn 126
================================================================
warning: entity 0 was directed to use 4 halite to move south, but only 2 halite was available
At command 1 of 1:
>>> 1   m 0 s


Turn 129
================================================================
warning: entity 0 was directed to use 9 halite to move south, but only 8 halite was available
At command 1 of 1:
>>> 1   m 0 s


Turn 132
================================================================
warning: entity 0 was directed to use 1 halite to move south, but only 0 halite was available
At command 1 of 1:
>>> 1   m 0 s


Turn 135
================================================================
warning: entity 0 was directed to use 4 halite to move south, but only 2 halite was available
At command 1 of 1:
>>> 1   m 0 s


Turn 139
================================================================
warning: entity 0 was directed to use 4 halite to move south, but only 0 halite was available
At command 1 of 1:
>>> 1   m 0 s


Turn 144
================================================================
warning: entity 0 was directed to use 2 halite to move south, but only 0 halite was available
At command 1 of 1:
>>> 1   m 0 s


Turn 146
================================================================
warning: entity 0 was directed to use 6 halite to move south, but only 5 halite was available
At command 1 of 1:
>>> 1   m 0 s


Turn 153
================================================================
warning: entity 0 was directed to use 4 halite to move south, but only 2 halite was available
At command 1 of 1:
>>> 1   m 0 s


Turn 159
================================================================
warning: entity 0 was directed to use 5 halite to move south, but only 0 halite was available
At command 1 of 1:
>>> 1   m 0 s


Turn 162
================================================================
warning: entity 0 was directed to use 9 halite to move south, but only 6 halite was available
At command 1 of 1:
>>> 1   m 0 s


Turn 167
================================================================
warning: entity 0 was directed to use 6 halite to move south, but only 4 halite was available
At command 1 of 1:
>>> 1   m 0 s


Turn 173
================================================================
warning: entity 0 was directed to use 1 halite to move south, but only 0 halite was available
At command 1 of 1:
>>> 1   m 0 s


Turn 176
================================================================
warning: entity 0 was directed to use 3 halite to move south, but only 2 halite was available
At command 1 of 1:
>>> 1   m 0 s


Turn 179
================================================================
warning: entity 0 was directed to use 8 halite to move south, but only 6 halite was available
At command 1 of 1:
>>> 1   m 0 s


Turn 188
================================================================
warning: entity 0 was directed to use 4 halite to move south, but only 0 halite was available
At command 1 of 1:
>>> 1   m 0 s


Turn 193
================================================================
warning: entity 0 was directed to use 3 halite to move south, but only 0 halite was available
At command 1 of 1:
>>> 1   m 0 s


Turn 197
================================================================
warning: entity 0 was directed to use 1 halite to move south, but only 0 halite was available
At command 1 of 1:
>>> 1   m 0 s


Turn 200
================================================================
warning: entity 0 was directed to use 4 halite to move south, but only 1 halite was available
At command 1 of 1:
>>> 1   m 0 s


Turn 203
================================================================
warning: entity 0 was directed to use 6 halite to move south, but only 4 halite was available
At command 1 of 1:
>>> 1   m 0 s


Turn 207
================================================================
warning: entity 0 was directed to use 8 halite to move south, but only 5 halite was available
At command 1 of 1:
>>> 1   m 0 s


Turn 215
================================================================
warning: entity 0 was directed to use 1 halite to move south, but only 0 halite was available
At command 1 of 1:
>>> 1   m 0 s


Turn 218
================================================================
warning: entity 0 was directed to use 3 halite to move south, but only 1 halite was available
At command 1 of 1:
>>> 1   m 0 s


Turn 221
================================================================
warning: entity 0 was directed to use 3 halite to move south, but only 2 halite was available
At command 1 of 1:
>>> 1   m 0 s


Turn 225
================================================================
warning: entity 0 was directed to use 2 halite to move south, but only 1 halite was available
At command 1 of 1:
>>> 1   m 0 s


Turn 229
================================================================
warning: entity 0 was directed to use 3 halite to move south, but only 2 halite was available
At command 1 of 1:
>>> 1   m 0 s


Turn 234
================================================================
warning: entity 0 was directed to use 2 halite to move south, but only 1 halite was available
At command 1 of 1:
>>> 1   m 0 s


Turn 238
================================================================
warning: entity 0 was directed to use 3 halite to move south, but only 0 halite was available
At command 1 of 1:
>>> 1   m 0 s


Turn 243
================================================================
warning: entity 0 was directed to use 4 halite to move south, but only 0 halite was available
At command 1 of 1:
>>> 1   m 0 s


Turn 246
================================================================
warning: entity 0 was directed to use 6 halite to move south, but only 4 halite was available
At command 1 of 1:
>>> 1   m 0 s


Turn 251
================================================================
warning: entity 0 was directed to use 3 halite to move south, but only 1 halite was available
At command 1 of 1:
>>> 1   m 0 s


Turn 254
================================================================
warning: entity 0 was directed to use 7 halite to move south, but only 5 halite was available
At command 1 of 1:
>>> 1   m 0 s


Turn 259
================================================================
warning: entity 0 was directed to use 2 halite to move south, but only 0 halite was available
At command 1 of 1:
>>> 1   m 0 s


Turn 262
================================================================
warning: entity 0 was directed to use 6 halite to move south, but only 3 halite was available
At command 1 of 1:
>>> 1   m 0 s


Turn 269
================================================================
warning: entity 0 was directed to use 4 halite to move south, but only 2 halite was available
At command 1 of 1:
>>> 1   m 0 s


Turn 275
================================================================
warning: entity 0 was directed to use 2 halite to move south, but only 0 halite was available
At command 1 of 1:
>>> 1   m 0 s


Turn 278
================================================================
warning: entity 0 was directed to use 4 halite to move south, but only 2 halite was available
At command 1 of 1:
>>> 1   m 0 s


Turn 284
================================================================
warning: entity 0 was directed to use 3 halite to move south, but only 2 halite was available
At command 1 of 1:
>>> 1   m 0 s


Turn 288
================================================================
warning: entity 0 was directed to use 5 halite to move south, but only 0 halite was available
At command 1 of 1:
>>> 1   m 0 s


Turn 292
================================================================
warning: entity 0 was directed to use 2 halite to move south, but only 0 halite was available
At command 1 of 1:
>>> 1   m 0 s


Turn 295
================================================================
warning: entity 0 was directed to use 5 halite to move south, but only 2 halite was available
At command 1 of 1:
>>> 1   m 0 s


Turn 300
================================================================
warning: entity 0 was directed to use 2 halite to move south, but only 0 halite was available
At command 1 of 1:
>>> 1   m 0 s


Turn 303
================================================================
warning: entity 0 was directed to use 4 halite to move south, but only 2 halite was available
At command 1 of 1:
>>> 1   m 0 s


Turn 309
================================================================
warning: entity 0 was directed to use 1 halite to move south, but only 0 halite was available
At command 1 of 1:
>>> 1   m 0 s


Turn 312
================================================================
warning: entity 0 was directed to use 2 halite to move south, but only 1 halite was available
At command 1 of 1:
>>> 1   m 0 s


Turn 316
================================================================
warning: entity 0 was directed to use 3 halite to move south, but only 0 halite was available
At command 1 of 1:
>>> 1   m 0 s


Turn 321
================================================================
warning: entity 0 was directed to use 2 halite to move south, but only 1 halite was available
At command 1 of 1:
>>> 1   m 0 s


Turn 325
================================================================
warning: entity 0 was directed to use 3 halite to move south, but only 2 halite was available
At command 1 of 1:
>>> 1   m 0 s


Turn 329
================================================================
warning: entity 0 was directed to use 4 halite to move south, but only 1 halite was available
At command 1 of 1:
>>> 1   m 0 s


Turn 333
================================================================
warning: entity 0 was directed to use 5 halite to move south, but only 1 halite was available
At command 1 of 1:
>>> 1   m 0 s


Turn 341
================================================================
warning: entity 0 was directed to use 1 halite to move south, but only 0 halite was available
At command 1 of 1:
>>> 1   m 0 s


Turn 344
================================================================
warning: entity 0 was directed to use 3 halite to move south, but only 1 halite was available
At command 1 of 1:
>>> 1   m 0 s


Turn 348
================================================================
warning: entity 0 was directed to use 4 halite to move south, but only 2 halite was available
At command 1 of 1:
>>> 1   m 0 s


Turn 355
================================================================
warning: entity 0 was directed to use 3 halite to move south, but only 1 halite was available
At command 1 of 1:
>>> 1   m 0 s


Turn 361
================================================================
warning: entity 0 was directed to use 1 halite to move south, but only 0 halite was available
At command 1 of 1:
>>> 1   m 0 s


Turn 365
================================================================
warning: entity 0 was directed to use 2 halite to move south, but only 0 halite was available
At command 1 of 1:
>>> 1   m 0 s


Turn 368
================================================================
warning: entity 0 was directed to use 5 halite to move south, but only 3 halite was available
At command 1 of 1:
>>> 1   m 0 s


Turn 373
================================================================
warning: entity 0 was directed to use 3 halite to move south, but only 1 halite was available
At command 1 of 1:
>>> 1   m 0 s


Turn 381
================================================================
warning: entity 0 was directed to use 1 halite to move south, but only 0 halite was available
At command 1 of 1:
>>> 1   m 0 s


Turn 384
================================================================
warning: entity 0 was directed to use 2 halite to move south, but only 1 halite was available
At command 1 of 1:
>>> 1   m 0 s


Turn 388
================================================================
warning: entity 0 was directed to use 3 halite to move south, but only 0 halite was available
At command 1 of 1:
>>> 1   m 0 s


Turn 394
================================================================
warning: entity 0 was directed to use 3 halite to move south, but only 0 halite was available
At command 1 of 1:
>>> 1   m 0 s


Turn 399
================================================================
warning: entity 0 was directed to use 2 halite to move south, but only 1 halite was available
At command 1 of 1:
>>> 1   m 0 s

