
Turn 289
================================================================
warning: entity 1 was directed to use 9 halite to move north, but only 0 halite was available
At command 1 of 1:
>>> 1   m 1 n


Turn 293
================================================================
warning: entity 1 was directed to use 5 halite to move north, but only 3 halite was available
At command 1 of 1:
>>> 1   m 1 n


Turn 296
================================================================
warning: entity 1 was directed to use 9 halite to move north, but only 6 halite was available
At command 1 of 1:
>>> 1   m 1 n


Turn 300
================================================================
warning: entity 1 was directed to use 9 halite to move north, but only 7 halite was available
At command 1 of 1:
>>> 1   m 1 n


Turn 305
================================================================
warning: entity 1 was directed to use 9 halite to move north, but only 1 halite was available
At command 1 of 1:
>>> 1   m 1 n

