
Turn 293
================================================================
warning: entity 0 was directed to use 9 halite to move north, but only 0 halite was available
At command 1 of 1:
>>> 1   m 0 n


Turn 297
================================================================
warning: entity 0 was directed to use 5 halite to move north, but only 3 halite was available
At command 1 of 1:
>>> 1   m 0 n


Turn 300
================================================================
warning: entity 0 was directed to use 9 halite to move north, but only 6 halite was available
At command 1 of 1:
>>> 1   m 0 n


Turn 304
================================================================
warning: entity 0 was directed to use 9 halite to move north, but only 7 halite was available
At command 1 of 1:
>>> 1   m 0 n


Turn 309
================================================================
warning: entity 0 was directed to use 9 halite to move north, but only 1 halite was available
At command 1 of 1:
>>> 1   m 0 n

